CRITICAL - 2021-01-17 12:29:23 --> Call to undefined method CodeIgniter\Router\RouteCollection::apiResponse()
#0 /home/demowebs/domains/demo-web-space.com/public_html/codeigniter4/system/Router/RouteCollection.php(750): CodeIgniter\CodeIgniter->Config\{closure}(Object(CodeIgniter\Router\RouteCollection))
#1 /home/demowebs/domains/demo-web-space.com/public_html/codeigniter4/app/Config/Routes.php(37): CodeIgniter\Router\RouteCollection->group('api', Object(Closure))
#2 /home/demowebs/domains/demo-web-space.com/public_html/codeigniter4/system/CodeIgniter.php(776): require('/home/demowebs/...')
#3 /home/demowebs/domains/demo-web-space.com/public_html/codeigniter4/system/CodeIgniter.php(360): CodeIgniter\CodeIgniter->tryToRouteIt(Object(CodeIgniter\Router\RouteCollection))
#4 /home/demowebs/domains/demo-web-space.com/public_html/codeigniter4/system/CodeIgniter.php(308): CodeIgniter\CodeIgniter->handleRequest(NULL, Object(Config\Cache), false)
#5 /home/demowebs/domains/demo-web-space.com/public_html/codeigniter4/index.php(45): CodeIgniter\CodeIgniter->run()
#6 {main}
CRITICAL - 2021-01-17 12:29:33 --> Call to undefined method CodeIgniter\Router\RouteCollection::apiResponse()
#0 /home/demowebs/domains/demo-web-space.com/public_html/codeigniter4/system/Router/RouteCollection.php(750): CodeIgniter\CodeIgniter->Config\{closure}(Object(CodeIgniter\Router\RouteCollection))
#1 /home/demowebs/domains/demo-web-space.com/public_html/codeigniter4/app/Config/Routes.php(37): CodeIgniter\Router\RouteCollection->group('api', Object(Closure))
#2 /home/demowebs/domains/demo-web-space.com/public_html/codeigniter4/system/CodeIgniter.php(776): require('/home/demowebs/...')
#3 /home/demowebs/domains/demo-web-space.com/public_html/codeigniter4/system/CodeIgniter.php(360): CodeIgniter\CodeIgniter->tryToRouteIt(Object(CodeIgniter\Router\RouteCollection))
#4 /home/demowebs/domains/demo-web-space.com/public_html/codeigniter4/system/CodeIgniter.php(308): CodeIgniter\CodeIgniter->handleRequest(NULL, Object(Config\Cache), false)
#5 /home/demowebs/domains/demo-web-space.com/public_html/codeigniter4/index.php(45): CodeIgniter\CodeIgniter->run()
#6 {main}
CRITICAL - 2021-01-17 12:29:49 --> Call to undefined method CodeIgniter\Router\RouteCollection::response()
#0 /home/demowebs/domains/demo-web-space.com/public_html/codeigniter4/system/Router/RouteCollection.php(750): CodeIgniter\CodeIgniter->Config\{closure}(Object(CodeIgniter\Router\RouteCollection))
#1 /home/demowebs/domains/demo-web-space.com/public_html/codeigniter4/app/Config/Routes.php(37): CodeIgniter\Router\RouteCollection->group('api', Object(Closure))
#2 /home/demowebs/domains/demo-web-space.com/public_html/codeigniter4/system/CodeIgniter.php(776): require('/home/demowebs/...')
#3 /home/demowebs/domains/demo-web-space.com/public_html/codeigniter4/system/CodeIgniter.php(360): CodeIgniter\CodeIgniter->tryToRouteIt(Object(CodeIgniter\Router\RouteCollection))
#4 /home/demowebs/domains/demo-web-space.com/public_html/codeigniter4/system/CodeIgniter.php(308): CodeIgniter\CodeIgniter->handleRequest(NULL, Object(Config\Cache), false)
#5 /home/demowebs/domains/demo-web-space.com/public_html/codeigniter4/index.php(45): CodeIgniter\CodeIgniter->run()
#6 {main}
CRITICAL - 2021-01-17 12:30:01 --> Call to undefined method CodeIgniter\Router\RouteCollection::response()
#0 /home/demowebs/domains/demo-web-space.com/public_html/codeigniter4/system/Router/RouteCollection.php(750): CodeIgniter\CodeIgniter->Config\{closure}(Object(CodeIgniter\Router\RouteCollection))
#1 /home/demowebs/domains/demo-web-space.com/public_html/codeigniter4/app/Config/Routes.php(37): CodeIgniter\Router\RouteCollection->group('api', Object(Closure))
#2 /home/demowebs/domains/demo-web-space.com/public_html/codeigniter4/system/CodeIgniter.php(776): require('/home/demowebs/...')
#3 /home/demowebs/domains/demo-web-space.com/public_html/codeigniter4/system/CodeIgniter.php(360): CodeIgniter\CodeIgniter->tryToRouteIt(Object(CodeIgniter\Router\RouteCollection))
#4 /home/demowebs/domains/demo-web-space.com/public_html/codeigniter4/system/CodeIgniter.php(308): CodeIgniter\CodeIgniter->handleRequest(NULL, Object(Config\Cache), false)
#5 /home/demowebs/domains/demo-web-space.com/public_html/codeigniter4/index.php(45): CodeIgniter\CodeIgniter->run()
#6 {main}
CRITICAL - 2021-01-17 12:30:02 --> Call to undefined method CodeIgniter\Router\RouteCollection::response()
#0 /home/demowebs/domains/demo-web-space.com/public_html/codeigniter4/system/Router/RouteCollection.php(750): CodeIgniter\CodeIgniter->Config\{closure}(Object(CodeIgniter\Router\RouteCollection))
#1 /home/demowebs/domains/demo-web-space.com/public_html/codeigniter4/app/Config/Routes.php(37): CodeIgniter\Router\RouteCollection->group('api', Object(Closure))
#2 /home/demowebs/domains/demo-web-space.com/public_html/codeigniter4/system/CodeIgniter.php(776): require('/home/demowebs/...')
#3 /home/demowebs/domains/demo-web-space.com/public_html/codeigniter4/system/CodeIgniter.php(360): CodeIgniter\CodeIgniter->tryToRouteIt(Object(CodeIgniter\Router\RouteCollection))
#4 /home/demowebs/domains/demo-web-space.com/public_html/codeigniter4/system/CodeIgniter.php(308): CodeIgniter\CodeIgniter->handleRequest(NULL, Object(Config\Cache), false)
#5 /home/demowebs/domains/demo-web-space.com/public_html/codeigniter4/index.php(45): CodeIgniter\CodeIgniter->run()
#6 {main}
