CRITICAL - 2021-11-09 04:15:44 --> The framework needs the following extension(s) installed and loaded: intl.
#0 /Applications/XAMPP/xamppfiles/htdocs/codeigniter414/system/CodeIgniter.php(218): CodeIgniter\Exceptions\FrameworkException::forMissingExtension('intl')
#1 /Applications/XAMPP/xamppfiles/htdocs/codeigniter414/system/CodeIgniter.php(176): CodeIgniter\CodeIgniter->resolvePlatformExtensions()
#2 /Applications/XAMPP/xamppfiles/htdocs/codeigniter414/system/bootstrap.php(146): CodeIgniter\CodeIgniter->initialize()
#3 /Applications/XAMPP/xamppfiles/htdocs/codeigniter414/spark(45): require('/Applications/X...')
#4 {main}
CRITICAL - 2021-11-09 04:16:05 --> The framework needs the following extension(s) installed and loaded: intl.
#0 /Applications/XAMPP/xamppfiles/htdocs/codeigniter414/system/CodeIgniter.php(218): CodeIgniter\Exceptions\FrameworkException::forMissingExtension('intl')
#1 /Applications/XAMPP/xamppfiles/htdocs/codeigniter414/system/CodeIgniter.php(176): CodeIgniter\CodeIgniter->resolvePlatformExtensions()
#2 /Applications/XAMPP/xamppfiles/htdocs/codeigniter414/system/bootstrap.php(146): CodeIgniter\CodeIgniter->initialize()
#3 /Applications/XAMPP/xamppfiles/htdocs/codeigniter414/spark(45): require('/Applications/X...')
#4 {main}
CRITICAL - 2021-11-09 06:26:59 --> The framework needs the following extension(s) installed and loaded: intl.
#0 /Applications/XAMPP/xamppfiles/htdocs/codeigniter414/system/CodeIgniter.php(218): CodeIgniter\Exceptions\FrameworkException::forMissingExtension('intl')
#1 /Applications/XAMPP/xamppfiles/htdocs/codeigniter414/system/CodeIgniter.php(176): CodeIgniter\CodeIgniter->resolvePlatformExtensions()
#2 /Applications/XAMPP/xamppfiles/htdocs/codeigniter414/system/bootstrap.php(146): CodeIgniter\CodeIgniter->initialize()
#3 /Applications/XAMPP/xamppfiles/htdocs/codeigniter414/spark(45): require('/Applications/X...')
#4 {main}
CRITICAL - 2021-11-09 06:27:45 --> The framework needs the following extension(s) installed and loaded: intl.
#0 /Applications/XAMPP/xamppfiles/htdocs/codeigniter414/system/CodeIgniter.php(218): CodeIgniter\Exceptions\FrameworkException::forMissingExtension('intl')
#1 /Applications/XAMPP/xamppfiles/htdocs/codeigniter414/system/CodeIgniter.php(176): CodeIgniter\CodeIgniter->resolvePlatformExtensions()
#2 /Applications/XAMPP/xamppfiles/htdocs/codeigniter414/system/bootstrap.php(146): CodeIgniter\CodeIgniter->initialize()
#3 /Applications/XAMPP/xamppfiles/htdocs/codeigniter414/spark(45): require('/Applications/X...')
#4 {main}
CRITICAL - 2021-11-09 07:40:30 --> The framework needs the following extension(s) installed and loaded: intl.
#0 /Applications/XAMPP/xamppfiles/htdocs/codeigniter414/system/CodeIgniter.php(218): CodeIgniter\Exceptions\FrameworkException::forMissingExtension('intl')
#1 /Applications/XAMPP/xamppfiles/htdocs/codeigniter414/system/CodeIgniter.php(176): CodeIgniter\CodeIgniter->resolvePlatformExtensions()
#2 /Applications/XAMPP/xamppfiles/htdocs/codeigniter414/system/bootstrap.php(146): CodeIgniter\CodeIgniter->initialize()
#3 /Applications/XAMPP/xamppfiles/htdocs/codeigniter414/spark(45): require('/Applications/X...')
#4 {main}
CRITICAL - 2021-11-09 10:05:40 --> The framework needs the following extension(s) installed and loaded: intl.
#0 /Applications/XAMPP/xamppfiles/htdocs/codeigniter414/system/CodeIgniter.php(218): CodeIgniter\Exceptions\FrameworkException::forMissingExtension('intl')
#1 /Applications/XAMPP/xamppfiles/htdocs/codeigniter414/system/CodeIgniter.php(176): CodeIgniter\CodeIgniter->resolvePlatformExtensions()
#2 /Applications/XAMPP/xamppfiles/htdocs/codeigniter414/system/bootstrap.php(146): CodeIgniter\CodeIgniter->initialize()
#3 /Applications/XAMPP/xamppfiles/htdocs/codeigniter414/spark(45): require('/Applications/X...')
#4 {main}
